
Error running this command:
place_seqs.py --study_fasta /home/student.aau.dk/yr42on/Thesis/data/model_data/chemerin_16S/seqs.fna --ref_dir /home/student.aau.dk/yr42on/.conda/envs/pyenv/lib/python3.9/site-packages/picrust2/default_files/bacteria/bac_ref --out_tree /home/student.aau.dk/yr42on/Thesis/data/picrust2_testruns/stratified/2.6.2/model_data/bac.tre --processes 20 --intermediate /home/student.aau.dk/yr42on/Thesis/data/picrust2_testruns/stratified/2.6.2/model_data/intermediate/place_seqs_bac --min_align 0.8 --chunk_size 5000 --placement_tool epa-ng

Standard error of the above failed command:

Error running this command:
epa-ng --tree /home/student.aau.dk/yr42on/.conda/envs/pyenv/lib/python3.9/site-packages/picrust2/default_files/bacteria/bac_ref/bac_ref.tre --ref-msa /home/student.aau.dk/yr42on/Thesis/data/picrust2_testruns/stratified/2.6.2/model_data/intermediate/place_seqs_bac/ref_seqs_hmmalign.fasta --query /home/student.aau.dk/yr42on/Thesis/data/picrust2_testruns/stratified/2.6.2/model_data/intermediate/place_seqs_bac/study_seqs_hmmalign.fasta --chunk-size 5000 -T 20 -m /home/student.aau.dk/yr42on/.conda/envs/pyenv/lib/python3.9/site-packages/picrust2/default_files/bacteria/bac_ref/bac_ref.model -w /home/student.aau.dk/yr42on/Thesis/data/picrust2_testruns/stratified/2.6.2/model_data/intermediate/place_seqs_bac/epa_out --filter-acc-lwr 0.99 --filter-max 100

Standard output of the above failed command:
INFO Selected: Output dir: /home/student.aau.dk/yr42on/Thesis/data/picrust2_testruns/stratified/2.6.2/model_data/intermediate/place_seqs_bac/epa_out/
INFO Selected: Query file: /home/student.aau.dk/yr42on/Thesis/data/picrust2_testruns/stratified/2.6.2/model_data/intermediate/place_seqs_bac/study_seqs_hmmalign.fasta
INFO Selected: Tree file: /home/student.aau.dk/yr42on/.conda/envs/pyenv/lib/python3.9/site-packages/picrust2/default_files/bacteria/bac_ref/bac_ref.tre
INFO Selected: Reference MSA: /home/student.aau.dk/yr42on/Thesis/data/picrust2_testruns/stratified/2.6.2/model_data/intermediate/place_seqs_bac/ref_seqs_hmmalign.fasta
INFO Selected: Filtering by accumulated threshold: 0.99
INFO Selected: Maximum number of placements per query: 100
INFO Selected: Automatic switching of use of per rate scalers
INFO Selected: Preserving the root of the input tree
INFO Selected: Specified model file: /home/student.aau.dk/yr42on/.conda/envs/pyenv/lib/python3.9/site-packages/picrust2/default_files/bacteria/bac_ref/bac_ref.model
INFO Selected: Reading queries in chunks of: 5000
INFO Selected: Using threads: 20
INFO     ______ ____   ___           _   __ ______
        / ____// __ \ /   |         / | / // ____/
       / __/  / /_/ // /| | ______ /  |/ // / __  
      / /___ / ____// ___ |/_____// /|  // /_/ /  
     /_____//_/    /_/  |_|      /_/ |_/ \____/ (v0.3.8)
INFO Using model parameters:
INFO    Rate heterogeneity: GAMMA (4 cats, mean),  alpha: 0.408013 (user),  weights&rates: (0.25,0.0178872) (0.25,0.187716) (0.25,0.739808) (0.25,3.05459) 
        Base frequencies (user): 0.209289 0.232667 0.311531 0.246513 
        Substitution rates (user): 1.04872 2.92815 1.63887 0.831209 3.68952 1
INFO Output file: /home/student.aau.dk/yr42on/Thesis/data/picrust2_testruns/stratified/2.6.2/model_data/intermediate/place_seqs_bac/epa_out/epa_result.jplace


slurmstepd: error: Detected 1 oom_kill event in StepId=2038043.batch. Some of the step tasks have been OOM Killed.
