2025-11-04 15:05:42,233 - The log file is created at /home/student.aau.dk/yr42on/Thesis/data/DRAM/dram_annotation_2034746/annotate.log.
2025-11-04 15:05:42,238 - 124 FASTAs found
2025-11-04 15:05:42,643 - Starting the Annotation of Bins with database configuration: 
 

KEGG db:
    Description_Db_Updated: 01/07/2024, 22:31:06
    Citation:  M. Kanehisa, M. Furumichi, Y. Sato, M. Ishiguro-Watanabe, and M. Tanabe, "Kegg: integrating viruses and cellular organisms," Nucleic acids research, vol. 49, no. D1, pp. D545–D551, 2021.
KOfam db:
    Citation: T. Aramaki, R. Blanc-Mathieu, H. Endo, K. Ohkubo, M. Kanehisa, S. Goto, and H. Ogata, "Kofamkoala: Kegg ortholog assignment based on profile hmm and adaptive score threshold," Bioinformatics, vol. 36, no. 7, pp. 2251–2252, 2020.
    Download Time: 01/07/2024, 21:17:28
    Origin: Downloaded by DRAM
KOfam KO list:
    Citation: T. Aramaki, R. Blanc-Mathieu, H. Endo, K. Ohkubo, M. Kanehisa, S. Goto, and H. Ogata, "Kofamkoala: Kegg ortholog assignment based on profile hmm and adaptive score threshold," Bioinformatics, vol. 36, no. 7, pp. 2251–2252, 2020.
    Download Time: 01/07/2024, 21:18:01
    Origin: Downloaded by DRAM
Pfam db:
    Citation: J. Mistry, S. Chuguransky, L. Williams, M. Qureshi, G. A. Salazar, E. L. Sonnhammer, S. C. Tosatto, L. Paladin, S. Raj, L. J. Richardson et al., "Pfam: The protein families database in 2021," Nucleic acids research, vol. 49, no. D1, pp. D412–D419, 2021.
    Download Time: 01/07/2024, 21:26:12
    Origin: Downloaded by DRAM
    Description_Db_Updated: 01/07/2024, 22:35:06
dbCAN db:
    Citation: Y. Yin, X. Mao, J. Yang, X. Chen, F. Mao, and Y. Xu, "dbcan: a web resource for automated carbohydrate-active enzyme annotation," Nucleic acids research, vol. 40, no. W1, pp. W445–W451, 2012.
    Version: 11
    Download Time: 01/07/2024, 21:26:19
    Origin: Downloaded by DRAM
    Description_Db_Updated: 01/07/2024, 22:35:06
MEROPS peptidase db:
    Description_Db_Updated: 01/07/2024, 22:35:05
    Citation: N. D. Rawlings, A. J. Barrett, P. D. Thomas, X. Huang, A. Bateman, and R. D. Finn, "The merops database of proteolytic enzymes, their substrates and inhibitors in 2017 and a comparison with peptidases in the panther database," Nucleic acids research, vol. 46, no. D1, pp. D624–D632, 2018.
    Download Time: 01/07/2024, 21:27:23
    Origin: Downloaded by DRAM

Pfam hmm dat:
    Description_Db_Updated: Unknown, or Never
    Citation: J. Mistry, S. Chuguransky, L. Williams, M. Qureshi, G. A. Salazar, E. L. Sonnhammer, S. C. Tosatto, L. Paladin, S. Raj, L. J. Richardson et al., "Pfam: The protein families database in 2021," Nucleic acids research, vol. 49, no. D1, pp. D412–D419, 2021.
    Download Time: 01/07/2024, 21:26:13
    Origin: Downloaded by DRAM
dbCAN family activities:
    Citation: Y. Yin, X. Mao, J. Yang, X. Chen, F. Mao, and Y. Xu, "dbcan: a web resource for automated carbohydrate-active enzyme annotation," Nucleic acids research, vol. 40, no. W1, pp. W445–W451, 2012.
    Version: 11
    Upload_Date: 08062022
    Download Time: 01/07/2024, 21:26:19
    Origin: Downloaded by DRAM
dbCAN subfamily EC numbers:
    Citation: Y. Yin, X. Mao, J. Yang, X. Chen, F. Mao, and Y. Xu, "dbcan: a web resource for automated carbohydrate-active enzyme annotation," Nucleic acids research, vol. 40, no. W1, pp. W445–W451, 2012.
    Version: 11
    Upload_Date: 08062022
    Download Time: 01/07/2024, 21:26:20
    Origin: Downloaded by DRAM
VOG annotations:
    Description_Db_Updated: Unknown, or Never
    Citation: J. Thannesberger, H.-J. Hellinger, I. Klymiuk, M.-T. Kastner, F. J. Rieder, M. Schneider, S. Fister, T. Lion, K. Kosulin, J. Laengle et al., "Viruses comprise an extensive pool of mobile genetic elements in eukaryote cell cultures and human clinical samples," The FASEB Journal, vol. 31, no. 5, pp. 1987–2000, 2017.
    Version: latest
    Download Time: 01/07/2024, 21:26:30
    Origin: Downloaded by DRAM

Genome summary form:
    Branch: master
    Download Time: 01/07/2024, 21:27:23
    Origin: Downloaded by DRAM
Module step form:
    Branch: master
    Download Time: 01/07/2024, 21:27:24
    Origin: Downloaded by DRAM
ETC module database:
    Branch: master
    Download Time: 01/07/2024, 21:27:25
    Origin: Downloaded by DRAM
Function heatmap form:
    Branch: master
    Download Time: 01/07/2024, 21:27:24
    Origin: Downloaded by DRAM
AMG database:
    Branch: master
    Download Time: 01/07/2024, 21:27:24
    Origin: Downloaded by DRAM
2025-11-04 15:05:42,645 - Retrieved database locations and descriptions
2025-11-04 15:05:42,645 - Annotating NNF_AD15_mmlongv091.bin.1.2
2025-11-04 15:05:53,021 - Turning genes from prodigal to mmseqs2 db
2025-11-04 15:05:54,638 - Getting forward best hits from kegg
slurmstepd: error: *** JOB 2034746 ON bio-node12 CANCELLED AT 2025-11-06T13:18:04 ***
